nohup: ignoring input
=== Starting Curriculum ===
  Stage 1/3  |  torpedoes = 1  |  distance = (1500.0, 2400.0)  |  target survival = 90.0%
Ep 00020 | Stage 1 (1 torps) | Reward   +993.6 | Survival  35.0% | eps 0.95 | noise 0.95
Ep 00040 | Stage 1 (1 torps) | Reward   +364.9 | Survival  27.5% | eps 0.90 | noise 0.89
Ep 00060 | Stage 1 (1 torps) | Reward   +394.1 | Survival  28.3% | eps 0.85 | noise 0.84
Ep 00080 | Stage 1 (1 torps) | Reward   +290.3 | Survival  31.2% | eps 0.80 | noise 0.79
Ep 00100 | Stage 1 (1 torps) | Reward   +382.4 | Survival  31.0% | eps 0.75 | noise 0.73
Ep 00120 | Stage 1 (1 torps) | Reward   +355.2 | Survival  27.0% | eps 0.69 | noise 0.68
Ep 00140 | Stage 1 (1 torps) | Reward   +367.5 | Survival  27.0% | eps 0.64 | noise 0.62
Ep 00160 | Stage 1 (1 torps) | Reward   +296.3 | Survival  28.0% | eps 0.59 | noise 0.57
Ep 00180 | Stage 1 (1 torps) | Reward   +340.2 | Survival  26.0% | eps 0.54 | noise 0.51
Ep 00200 | Stage 1 (1 torps) | Reward   +404.2 | Survival  29.0% | eps 0.49 | noise 0.46
Ep 00220 | Stage 1 (1 torps) | Reward   +706.2 | Survival  39.0% | eps 0.44 | noise 0.41
Ep 00240 | Stage 1 (1 torps) | Reward   +421.4 | Survival  43.0% | eps 0.39 | noise 0.35
Ep 00260 | Stage 1 (1 torps) | Reward   +872.3 | Survival  49.0% | eps 0.33 | noise 0.30
Ep 00280 | Stage 1 (1 torps) | Reward   +412.4 | Survival  57.0% | eps 0.28 | noise 0.24
Ep 00300 | Stage 1 (1 torps) | Reward   +718.0 | Survival  63.0% | eps 0.23 | noise 0.19
Ep 00320 | Stage 1 (1 torps) | Reward   +749.1 | Survival  67.0% | eps 0.18 | noise 0.13
Ep 00340 | Stage 1 (1 torps) | Reward   +680.0 | Survival  73.0% | eps 0.13 | noise 0.08
Ep 00360 | Stage 1 (1 torps) | Reward   +731.5 | Survival  70.0% | eps 0.10 | noise 0.05
Ep 00380 | Stage 1 (1 torps) | Reward   +749.0 | Survival  68.0% | eps 0.10 | noise 0.05
Ep 00400 | Stage 1 (1 torps) | Reward   +700.5 | Survival  68.0% | eps 0.10 | noise 0.05
Ep 00420 | Stage 1 (1 torps) | Reward   +266.3 | Survival  66.0% | eps 0.10 | noise 0.05
Ep 00440 | Stage 1 (1 torps) | Reward   +727.7 | Survival  67.0% | eps 0.10 | noise 0.05
Ep 00460 | Stage 1 (1 torps) | Reward   +715.4 | Survival  69.0% | eps 0.10 | noise 0.05
Ep 00480 | Stage 1 (1 torps) | Reward   +300.4 | Survival  72.0% | eps 0.10 | noise 0.05
Ep 00500 | Stage 1 (1 torps) | Reward   +259.3 | Survival  70.0% | eps 0.10 | noise 0.05
Ep 00520 | Stage 1 (1 torps) | Reward   +309.2 | Survival  70.0% | eps 0.10 | noise 0.05
Ep 00540 | Stage 1 (1 torps) | Reward   +303.0 | Survival  67.0% | eps 0.10 | noise 0.05
Ep 00560 | Stage 1 (1 torps) | Reward   +307.5 | Survival  70.0% | eps 0.10 | noise 0.05
Ep 00580 | Stage 1 (1 torps) | Reward   +763.2 | Survival  71.0% | eps 0.10 | noise 0.05
Ep 00600 | Stage 1 (1 torps) | Reward   +324.5 | Survival  72.0% | eps 0.10 | noise 0.05
Ep 00620 | Stage 1 (1 torps) | Reward   +688.3 | Survival  72.0% | eps 0.10 | noise 0.05
Ep 00640 | Stage 1 (1 torps) | Reward   +373.3 | Survival  73.0% | eps 0.10 | noise 0.05
Ep 00660 | Stage 1 (1 torps) | Reward   +682.5 | Survival  74.0% | eps 0.10 | noise 0.05
Ep 00680 | Stage 1 (1 torps) | Reward   +284.8 | Survival  70.0% | eps 0.10 | noise 0.05
Ep 00700 | Stage 1 (1 torps) | Reward   +729.6 | Survival  72.0% | eps 0.10 | noise 0.05
Ep 00720 | Stage 1 (1 torps) | Reward   +737.9 | Survival  74.0% | eps 0.10 | noise 0.05
Ep 00740 | Stage 1 (1 torps) | Reward   +303.5 | Survival  74.0% | eps 0.10 | noise 0.05
Ep 00760 | Stage 1 (1 torps) | Reward   +308.4 | Survival  71.0% | eps 0.10 | noise 0.05
Ep 00780 | Stage 1 (1 torps) | Reward   +706.5 | Survival  73.0% | eps 0.10 | noise 0.05
Ep 00800 | Stage 1 (1 torps) | Reward   +748.1 | Survival  70.0% | eps 0.10 | noise 0.05
Ep 00820 | Stage 1 (1 torps) | Reward  +1026.2 | Survival  69.0% | eps 0.10 | noise 0.05
Ep 00840 | Stage 1 (1 torps) | Reward   +771.6 | Survival  70.0% | eps 0.10 | noise 0.05
Ep 00860 | Stage 1 (1 torps) | Reward   +268.0 | Survival  69.0% | eps 0.10 | noise 0.05
Ep 00880 | Stage 1 (1 torps) | Reward   +776.5 | Survival  69.0% | eps 0.10 | noise 0.05
Ep 00900 | Stage 1 (1 torps) | Reward   +274.0 | Survival  69.0% | eps 0.10 | noise 0.05
Ep 00920 | Stage 1 (1 torps) | Reward   +734.9 | Survival  68.0% | eps 0.10 | noise 0.05
Ep 00940 | Stage 1 (1 torps) | Reward   +746.6 | Survival  71.0% | eps 0.10 | noise 0.05
Ep 00960 | Stage 1 (1 torps) | Reward   +417.7 | Survival  73.0% | eps 0.10 | noise 0.05
Ep 00980 | Stage 1 (1 torps) | Reward   +708.5 | Survival  76.0% | eps 0.10 | noise 0.05
Ep 01000 | Stage 1 (1 torps) | Reward   +745.1 | Survival  78.0% | eps 0.10 | noise 0.05
Ep 01020 | Stage 1 (1 torps) | Reward   +403.5 | Survival  77.0% | eps 0.10 | noise 0.05
Ep 01040 | Stage 1 (1 torps) | Reward   +679.9 | Survival  75.0% | eps 0.10 | noise 0.05
Ep 01060 | Stage 1 (1 torps) | Reward   +702.5 | Survival  76.0% | eps 0.10 | noise 0.05
Ep 01080 | Stage 1 (1 torps) | Reward   +389.2 | Survival  75.0% | eps 0.10 | noise 0.05
Ep 01100 | Stage 1 (1 torps) | Reward  +1121.7 | Survival  78.0% | eps 0.10 | noise 0.05
Ep 01120 | Stage 1 (1 torps) | Reward   +269.3 | Survival  79.0% | eps 0.10 | noise 0.05
Ep 01140 | Stage 1 (1 torps) | Reward   +693.7 | Survival  74.0% | eps 0.10 | noise 0.05
Ep 01160 | Stage 1 (1 torps) | Reward   +687.7 | Survival  78.0% | eps 0.10 | noise 0.05
Ep 01180 | Stage 1 (1 torps) | Reward   +768.5 | Survival  73.0% | eps 0.10 | noise 0.05
Ep 01200 | Stage 1 (1 torps) | Reward   +746.8 | Survival  70.0% | eps 0.10 | noise 0.05
Ep 01220 | Stage 1 (1 torps) | Reward   +738.9 | Survival  68.0% | eps 0.10 | noise 0.05
Ep 01240 | Stage 1 (1 torps) | Reward   +314.7 | Survival  70.0% | eps 0.10 | noise 0.05
Ep 01260 | Stage 1 (1 torps) | Reward   +280.8 | Survival  64.0% | eps 0.10 | noise 0.05
Ep 01280 | Stage 1 (1 torps) | Reward   +683.6 | Survival  69.0% | eps 0.10 | noise 0.05
Ep 01300 | Stage 1 (1 torps) | Reward  +1101.1 | Survival  68.0% | eps 0.10 | noise 0.05
Ep 01320 | Stage 1 (1 torps) | Reward   +694.3 | Survival  70.0% | eps 0.10 | noise 0.05
Ep 01340 | Stage 1 (1 torps) | Reward   +793.0 | Survival  71.0% | eps 0.10 | noise 0.05
Ep 01360 | Stage 1 (1 torps) | Reward   +309.3 | Survival  72.0% | eps 0.10 | noise 0.05
Ep 01380 | Stage 1 (1 torps) | Reward   +742.6 | Survival  74.0% | eps 0.10 | noise 0.05
Ep 01400 | Stage 1 (1 torps) | Reward   +717.0 | Survival  76.0% | eps 0.10 | noise 0.05
Ep 01420 | Stage 1 (1 torps) | Reward   +722.3 | Survival  78.0% | eps 0.10 | noise 0.05
Ep 01440 | Stage 1 (1 torps) | Reward   +706.1 | Survival  81.0% | eps 0.10 | noise 0.05
Ep 01460 | Stage 1 (1 torps) | Reward   +752.7 | Survival  80.0% | eps 0.10 | noise 0.05
Ep 01480 | Stage 1 (1 torps) | Reward   +735.1 | Survival  77.0% | eps 0.10 | noise 0.05
Ep 01500 | Stage 1 (1 torps) | Reward   +739.8 | Survival  71.0% | eps 0.10 | noise 0.05
Ep 01520 | Stage 1 (1 torps) | Reward   +262.9 | Survival  65.0% | eps 0.10 | noise 0.05
Ep 01540 | Stage 1 (1 torps) | Reward   +735.9 | Survival  63.0% | eps 0.10 | noise 0.05
Ep 01560 | Stage 1 (1 torps) | Reward   +707.1 | Survival  61.0% | eps 0.10 | noise 0.05
Ep 01580 | Stage 1 (1 torps) | Reward   +698.8 | Survival  60.0% | eps 0.10 | noise 0.05
Ep 01600 | Stage 1 (1 torps) | Reward   +734.9 | Survival  63.0% | eps 0.10 | noise 0.05
Ep 01620 | Stage 1 (1 torps) | Reward   +679.2 | Survival  70.0% | eps 0.10 | noise 0.05
Ep 01640 | Stage 1 (1 torps) | Reward   +727.7 | Survival  69.0% | eps 0.10 | noise 0.05
Ep 01660 | Stage 1 (1 torps) | Reward   +382.5 | Survival  73.0% | eps 0.10 | noise 0.05
Ep 01680 | Stage 1 (1 torps) | Reward   +739.0 | Survival  71.0% | eps 0.10 | noise 0.05
Ep 01700 | Stage 1 (1 torps) | Reward   +699.0 | Survival  72.0% | eps 0.10 | noise 0.05
Ep 01720 | Stage 1 (1 torps) | Reward   +291.1 | Survival  68.0% | eps 0.10 | noise 0.05
Ep 01740 | Stage 1 (1 torps) | Reward   +773.0 | Survival  68.0% | eps 0.10 | noise 0.05
Ep 01760 | Stage 1 (1 torps) | Reward  +1075.3 | Survival  66.0% | eps 0.10 | noise 0.05
Ep 01780 | Stage 1 (1 torps) | Reward   +773.7 | Survival  68.0% | eps 0.10 | noise 0.05
Ep 01800 | Stage 1 (1 torps) | Reward   +340.5 | Survival  66.0% | eps 0.10 | noise 0.05
Ep 01820 | Stage 1 (1 torps) | Reward   +710.0 | Survival  63.0% | eps 0.10 | noise 0.05
Ep 01840 | Stage 1 (1 torps) | Reward   +390.1 | Survival  66.0% | eps 0.10 | noise 0.05
Ep 01860 | Stage 1 (1 torps) | Reward   +750.0 | Survival  67.0% | eps 0.10 | noise 0.05
Ep 01880 | Stage 1 (1 torps) | Reward   +745.8 | Survival  67.0% | eps 0.10 | noise 0.05
Ep 01900 | Stage 1 (1 torps) | Reward   +651.9 | Survival  71.0% | eps 0.10 | noise 0.05
Ep 01920 | Stage 1 (1 torps) | Reward   +772.2 | Survival  76.0% | eps 0.10 | noise 0.05
Ep 01940 | Stage 1 (1 torps) | Reward  +1115.9 | Survival  76.0% | eps 0.10 | noise 0.05
Ep 01960 | Stage 1 (1 torps) | Reward   +688.8 | Survival  78.0% | eps 0.10 | noise 0.05
Ep 01980 | Stage 1 (1 torps) | Reward   +734.3 | Survival  80.0% | eps 0.10 | noise 0.05
Ep 02000 | Stage 1 (1 torps) | Reward   +722.4 | Survival  77.0% | eps 0.10 | noise 0.05
Ep 02020 | Stage 1 (1 torps) | Reward   +713.4 | Survival  76.0% | eps 0.10 | noise 0.05
Ep 02040 | Stage 1 (1 torps) | Reward   +765.8 | Survival  73.0% | eps 0.10 | noise 0.05
Ep 02060 | Stage 1 (1 torps) | Reward   +768.9 | Survival  71.0% | eps 0.10 | noise 0.05
Ep 02080 | Stage 1 (1 torps) | Reward   +692.2 | Survival  71.0% | eps 0.10 | noise 0.05
Ep 02100 | Stage 1 (1 torps) | Reward   +705.2 | Survival  68.0% | eps 0.10 | noise 0.05
Ep 02120 | Stage 1 (1 torps) | Reward   +354.9 | Survival  62.0% | eps 0.10 | noise 0.05
Ep 02140 | Stage 1 (1 torps) | Reward   +698.0 | Survival  63.0% | eps 0.10 | noise 0.05
Ep 02160 | Stage 1 (1 torps) | Reward   +711.8 | Survival  64.0% | eps 0.10 | noise 0.05
Ep 02180 | Stage 1 (1 torps) | Reward   +717.6 | Survival  60.0% | eps 0.10 | noise 0.05
Ep 02200 | Stage 1 (1 torps) | Reward   +828.5 | Survival  63.0% | eps 0.10 | noise 0.05
Ep 02220 | Stage 1 (1 torps) | Reward   +704.6 | Survival  67.0% | eps 0.10 | noise 0.05
Ep 02240 | Stage 1 (1 torps) | Reward   +795.6 | Survival  68.0% | eps 0.10 | noise 0.05
Ep 02260 | Stage 1 (1 torps) | Reward   +697.9 | Survival  68.0% | eps 0.10 | noise 0.05
Ep 02280 | Stage 1 (1 torps) | Reward   +690.5 | Survival  69.0% | eps 0.10 | noise 0.05
Ep 02300 | Stage 1 (1 torps) | Reward   +844.9 | Survival  70.0% | eps 0.10 | noise 0.05
Ep 02320 | Stage 1 (1 torps) | Reward   +711.7 | Survival  74.0% | eps 0.10 | noise 0.05
Ep 02340 | Stage 1 (1 torps) | Reward   +721.2 | Survival  74.0% | eps 0.10 | noise 0.05
Ep 02360 | Stage 1 (1 torps) | Reward   +713.5 | Survival  68.0% | eps 0.10 | noise 0.05
Ep 02380 | Stage 1 (1 torps) | Reward   +767.3 | Survival  67.0% | eps 0.10 | noise 0.05
Ep 02400 | Stage 1 (1 torps) | Reward   +313.4 | Survival  66.0% | eps 0.10 | noise 0.05
Ep 02420 | Stage 1 (1 torps) | Reward   +692.4 | Survival  63.0% | eps 0.10 | noise 0.05
Ep 02440 | Stage 1 (1 torps) | Reward   +720.7 | Survival  65.0% | eps 0.10 | noise 0.05
Ep 02460 | Stage 1 (1 torps) | Reward   +727.4 | Survival  67.0% | eps 0.10 | noise 0.05
Ep 02480 | Stage 1 (1 torps) | Reward   +821.7 | Survival  70.0% | eps 0.10 | noise 0.05
Ep 02500 | Stage 1 (1 torps) | Reward   +355.4 | Survival  70.0% | eps 0.10 | noise 0.05
Ep 02520 | Stage 1 (1 torps) | Reward   +271.9 | Survival  71.0% | eps 0.10 | noise 0.05
Ep 02540 | Stage 1 (1 torps) | Reward   +701.7 | Survival  71.0% | eps 0.10 | noise 0.05
Ep 02560 | Stage 1 (1 torps) | Reward   +693.8 | Survival  74.0% | eps 0.10 | noise 0.05
Ep 02580 | Stage 1 (1 torps) | Reward   +273.8 | Survival  74.0% | eps 0.10 | noise 0.05
Ep 02600 | Stage 1 (1 torps) | Reward   +662.1 | Survival  74.0% | eps 0.10 | noise 0.05
Ep 02620 | Stage 1 (1 torps) | Reward   +706.2 | Survival  75.0% | eps 0.10 | noise 0.05
Ep 02640 | Stage 1 (1 torps) | Reward   +313.9 | Survival  74.0% | eps 0.10 | noise 0.05
Ep 02660 | Stage 1 (1 torps) | Reward   +769.4 | Survival  77.0% | eps 0.10 | noise 0.05
Ep 02680 | Stage 1 (1 torps) | Reward   +748.4 | Survival  78.0% | eps 0.10 | noise 0.05
Ep 02700 | Stage 1 (1 torps) | Reward   +285.9 | Survival  76.0% | eps 0.10 | noise 0.05
Ep 02720 | Stage 1 (1 torps) | Reward   +784.8 | Survival  76.0% | eps 0.10 | noise 0.05
Ep 02740 | Stage 1 (1 torps) | Reward   +396.1 | Survival  74.0% | eps 0.10 | noise 0.05
Ep 02760 | Stage 1 (1 torps) | Reward   +398.5 | Survival  73.0% | eps 0.10 | noise 0.05
Ep 02780 | Stage 1 (1 torps) | Reward   +648.3 | Survival  68.0% | eps 0.10 | noise 0.05
Ep 02800 | Stage 1 (1 torps) | Reward   +677.9 | Survival  72.0% | eps 0.10 | noise 0.05
Ep 02820 | Stage 1 (1 torps) | Reward   +676.9 | Survival  72.0% | eps 0.10 | noise 0.05
Ep 02840 | Stage 1 (1 torps) | Reward   +257.4 | Survival  74.0% | eps 0.10 | noise 0.05
Ep 02860 | Stage 1 (1 torps) | Reward   +277.1 | Survival  70.0% | eps 0.10 | noise 0.05
Ep 02880 | Stage 1 (1 torps) | Reward   +762.7 | Survival  76.0% | eps 0.10 | noise 0.05
Ep 02900 | Stage 1 (1 torps) | Reward   +733.9 | Survival  78.0% | eps 0.10 | noise 0.05
Ep 02920 | Stage 1 (1 torps) | Reward   +879.3 | Survival  80.0% | eps 0.10 | noise 0.05
Ep 02940 | Stage 1 (1 torps) | Reward   +250.3 | Survival  77.0% | eps 0.10 | noise 0.05
Ep 02960 | Stage 1 (1 torps) | Reward   +711.8 | Survival  78.0% | eps 0.10 | noise 0.05
Ep 02980 | Stage 1 (1 torps) | Reward  +1129.8 | Survival  74.0% | eps 0.10 | noise 0.05
Ep 03000 | Stage 1 (1 torps) | Reward   +675.9 | Survival  70.0% | eps 0.10 | noise 0.05
Ep 03020 | Stage 1 (1 torps) | Reward   +697.9 | Survival  69.0% | eps 0.10 | noise 0.05
Ep 03040 | Stage 1 (1 torps) | Reward   +758.4 | Survival  74.0% | eps 0.10 | noise 0.05
Ep 03060 | Stage 1 (1 torps) | Reward   +954.6 | Survival  78.0% | eps 0.10 | noise 0.05
Ep 03080 | Stage 1 (1 torps) | Reward   +674.2 | Survival  81.0% | eps 0.10 | noise 0.05
Ep 03100 | Stage 1 (1 torps) | Reward   +251.9 | Survival  81.0% | eps 0.10 | noise 0.05
Ep 03120 | Stage 1 (1 torps) | Reward   +775.1 | Survival  80.0% | eps 0.10 | noise 0.05
Ep 03140 | Stage 1 (1 torps) | Reward   +725.3 | Survival  76.0% | eps 0.10 | noise 0.05
Ep 03160 | Stage 1 (1 torps) | Reward   +276.6 | Survival  76.0% | eps 0.10 | noise 0.05
Ep 03180 | Stage 1 (1 torps) | Reward   +767.2 | Survival  76.0% | eps 0.10 | noise 0.05
Ep 03200 | Stage 1 (1 torps) | Reward   +784.0 | Survival  82.0% | eps 0.10 | noise 0.05
Ep 03220 | Stage 1 (1 torps) | Reward   +755.2 | Survival  83.0% | eps 0.10 | noise 0.05
Ep 03240 | Stage 1 (1 torps) | Reward   +734.4 | Survival  86.0% | eps 0.10 | noise 0.05
Ep 03260 | Stage 1 (1 torps) | Reward   +746.2 | Survival  87.0% | eps 0.10 | noise 0.05

======================================================================
  >>> ADVANCING TO STAGE 2  (target reached)
      torpedoes = 2, distance = (1500.0, 2400.0), target = 85.0%
======================================================================

Ep 03280 | Stage 2 (2 torps) | Reward   +282.0 | Survival  35.7% | eps 0.34 | noise 0.96
Ep 03300 | Stage 2 (2 torps) | Reward   +279.1 | Survival  55.9% | eps 0.33 | noise 0.91
Ep 03320 | Stage 2 (2 torps) | Reward   +620.1 | Survival  51.9% | eps 0.31 | noise 0.86
Ep 03340 | Stage 2 (2 torps) | Reward   +757.2 | Survival  50.0% | eps 0.30 | noise 0.80
Ep 03360 | Stage 2 (2 torps) | Reward  +1042.9 | Survival  50.0% | eps 0.28 | noise 0.75
Ep 03380 | Stage 2 (2 torps) | Reward  +1581.4 | Survival  57.0% | eps 0.27 | noise 0.69
Ep 03400 | Stage 2 (2 torps) | Reward   +666.2 | Survival  56.0% | eps 0.26 | noise 0.64
Ep 03420 | Stage 2 (2 torps) | Reward   +516.8 | Survival  57.0% | eps 0.24 | noise 0.58
Ep 03440 | Stage 2 (2 torps) | Reward  +1297.6 | Survival  57.0% | eps 0.23 | noise 0.53
Ep 03460 | Stage 2 (2 torps) | Reward  +1141.8 | Survival  63.0% | eps 0.21 | noise 0.48
Ep 03480 | Stage 2 (2 torps) | Reward   +493.7 | Survival  65.0% | eps 0.20 | noise 0.42
Ep 03500 | Stage 2 (2 torps) | Reward   +970.1 | Survival  66.0% | eps 0.18 | noise 0.37
Ep 03520 | Stage 2 (2 torps) | Reward  +1712.7 | Survival  67.0% | eps 0.17 | noise 0.31
Ep 03540 | Stage 2 (2 torps) | Reward  +1215.4 | Survival  72.0% | eps 0.15 | noise 0.26
Ep 03560 | Stage 2 (2 torps) | Reward  +1578.6 | Survival  73.0% | eps 0.14 | noise 0.20
Ep 03580 | Stage 2 (2 torps) | Reward  +1534.9 | Survival  71.0% | eps 0.13 | noise 0.15
Ep 03600 | Stage 2 (2 torps) | Reward  +1334.0 | Survival  72.0% | eps 0.11 | noise 0.10
Ep 03620 | Stage 2 (2 torps) | Reward  +1355.0 | Survival  78.0% | eps 0.10 | noise 0.05
Ep 03640 | Stage 2 (2 torps) | Reward  +1270.5 | Survival  80.0% | eps 0.10 | noise 0.05
Ep 03660 | Stage 2 (2 torps) | Reward   +766.7 | Survival  80.0% | eps 0.10 | noise 0.05
Ep 03680 | Stage 2 (2 torps) | Reward   +281.2 | Survival  77.0% | eps 0.10 | noise 0.05
Ep 03700 | Stage 2 (2 torps) | Reward  +1071.2 | Survival  76.0% | eps 0.10 | noise 0.05
Ep 03720 | Stage 2 (2 torps) | Reward  +1295.0 | Survival  76.0% | eps 0.10 | noise 0.05
Ep 03740 | Stage 2 (2 torps) | Reward  +1068.0 | Survival  77.0% | eps 0.10 | noise 0.05
Ep 03760 | Stage 2 (2 torps) | Reward  +1090.6 | Survival  76.0% | eps 0.10 | noise 0.05
Ep 03780 | Stage 2 (2 torps) | Reward  +1115.7 | Survival  79.0% | eps 0.10 | noise 0.05
Ep 03800 | Stage 2 (2 torps) | Reward  +1524.3 | Survival  78.0% | eps 0.10 | noise 0.05
Ep 03820 | Stage 2 (2 torps) | Reward   +919.9 | Survival  74.0% | eps 0.10 | noise 0.05
Ep 03840 | Stage 2 (2 torps) | Reward   +782.2 | Survival  70.0% | eps 0.10 | noise 0.05
Ep 03860 | Stage 2 (2 torps) | Reward   +841.4 | Survival  68.0% | eps 0.10 | noise 0.05
Ep 03880 | Stage 2 (2 torps) | Reward  +1096.1 | Survival  64.0% | eps 0.10 | noise 0.05
Ep 03900 | Stage 2 (2 torps) | Reward   +883.9 | Survival  63.0% | eps 0.10 | noise 0.05
Ep 03920 | Stage 2 (2 torps) | Reward  +1278.4 | Survival  66.0% | eps 0.10 | noise 0.05
Ep 03940 | Stage 2 (2 torps) | Reward  +1444.3 | Survival  68.0% | eps 0.10 | noise 0.05
Ep 03960 | Stage 2 (2 torps) | Reward  +1358.9 | Survival  71.0% | eps 0.10 | noise 0.05
Ep 03980 | Stage 2 (2 torps) | Reward  +1208.6 | Survival  76.0% | eps 0.10 | noise 0.05
Ep 04000 | Stage 2 (2 torps) | Reward   +760.2 | Survival  78.0% | eps 0.10 | noise 0.05
Ep 04020 | Stage 2 (2 torps) | Reward  +1380.6 | Survival  79.0% | eps 0.10 | noise 0.05
Ep 04040 | Stage 2 (2 torps) | Reward  +1327.2 | Survival  81.0% | eps 0.10 | noise 0.05
Ep 04060 | Stage 2 (2 torps) | Reward  +1131.2 | Survival  77.0% | eps 0.10 | noise 0.05
Ep 04080 | Stage 2 (2 torps) | Reward   +278.4 | Survival  75.0% | eps 0.10 | noise 0.05
Ep 04100 | Stage 2 (2 torps) | Reward  +1062.2 | Survival  80.0% | eps 0.10 | noise 0.05
Ep 04120 | Stage 2 (2 torps) | Reward  +1033.1 | Survival  81.0% | eps 0.10 | noise 0.05
Ep 04140 | Stage 2 (2 torps) | Reward  +1401.1 | Survival  81.0% | eps 0.10 | noise 0.05
Ep 04160 | Stage 2 (2 torps) | Reward  +1097.1 | Survival  83.0% | eps 0.10 | noise 0.05

======================================================================
  >>> ADVANCING TO STAGE 3  (target reached)
      torpedoes = 3, distance = (1500.0, 2400.0), target = 75.0%
======================================================================

Ep 04180 | Stage 3 (3 torps) | Reward   +808.7 | Survival  55.6% | eps 0.34 | noise 0.98
Ep 04200 | Stage 3 (3 torps) | Reward   +701.0 | Survival  37.9% | eps 0.33 | noise 0.92
Ep 04220 | Stage 3 (3 torps) | Reward   +789.3 | Survival  40.8% | eps 0.32 | noise 0.87
Ep 04240 | Stage 3 (3 torps) | Reward   +707.3 | Survival  39.1% | eps 0.30 | noise 0.82
Ep 04260 | Stage 3 (3 torps) | Reward   +378.2 | Survival  39.3% | eps 0.29 | noise 0.76
Ep 04280 | Stage 3 (3 torps) | Reward   +410.8 | Survival  35.0% | eps 0.27 | noise 0.71
Ep 04300 | Stage 3 (3 torps) | Reward  +1503.5 | Survival  36.0% | eps 0.26 | noise 0.65
Ep 04320 | Stage 3 (3 torps) | Reward  +1814.4 | Survival  35.0% | eps 0.24 | noise 0.60
Ep 04340 | Stage 3 (3 torps) | Reward   +990.9 | Survival  43.0% | eps 0.23 | noise 0.54
Ep 04360 | Stage 3 (3 torps) | Reward  +1431.7 | Survival  46.0% | eps 0.22 | noise 0.49
Ep 04380 | Stage 3 (3 torps) | Reward  +1026.5 | Survival  51.0% | eps 0.20 | noise 0.44
Ep 04400 | Stage 3 (3 torps) | Reward  +1392.5 | Survival  56.0% | eps 0.19 | noise 0.38
Ep 04420 | Stage 3 (3 torps) | Reward  +1490.2 | Survival  60.0% | eps 0.17 | noise 0.33
Ep 04440 | Stage 3 (3 torps) | Reward  +1372.0 | Survival  59.0% | eps 0.16 | noise 0.27
Ep 04460 | Stage 3 (3 torps) | Reward   +871.1 | Survival  59.0% | eps 0.14 | noise 0.22
Ep 04480 | Stage 3 (3 torps) | Reward   +200.3 | Survival  57.0% | eps 0.13 | noise 0.16
Ep 04500 | Stage 3 (3 torps) | Reward  +1267.0 | Survival  58.0% | eps 0.12 | noise 0.11
Ep 04520 | Stage 3 (3 torps) | Reward   +246.7 | Survival  60.0% | eps 0.10 | noise 0.06
Ep 04540 | Stage 3 (3 torps) | Reward  +1065.2 | Survival  61.0% | eps 0.10 | noise 0.05
Ep 04560 | Stage 3 (3 torps) | Reward  +1355.9 | Survival  66.0% | eps 0.10 | noise 0.05
Ep 04580 | Stage 3 (3 torps) | Reward  +1326.1 | Survival  71.0% | eps 0.10 | noise 0.05
Ep 04600 | Stage 3 (3 torps) | Reward  +1361.3 | Survival  72.0% | eps 0.10 | noise 0.05
Ep 04620 | Stage 3 (3 torps) | Reward   +259.1 | Survival  70.0% | eps 0.10 | noise 0.05
Ep 04640 | Stage 3 (3 torps) | Reward   +213.0 | Survival  67.0% | eps 0.10 | noise 0.05
Ep 04660 | Stage 3 (3 torps) | Reward  +1734.9 | Survival  63.0% | eps 0.10 | noise 0.05
Ep 04680 | Stage 3 (3 torps) | Reward  +1002.3 | Survival  59.0% | eps 0.10 | noise 0.05
Ep 04700 | Stage 3 (3 torps) | Reward   +970.2 | Survival  57.0% | eps 0.10 | noise 0.05
Ep 04720 | Stage 3 (3 torps) | Reward   +211.1 | Survival  56.0% | eps 0.10 | noise 0.05
Ep 04740 | Stage 3 (3 torps) | Reward  +1890.9 | Survival  55.0% | eps 0.10 | noise 0.05
Ep 04760 | Stage 3 (3 torps) | Reward  +1342.2 | Survival  55.0% | eps 0.10 | noise 0.05
Ep 04780 | Stage 3 (3 torps) | Reward   +596.6 | Survival  54.0% | eps 0.10 | noise 0.05
Ep 04800 | Stage 3 (3 torps) | Reward  +1576.6 | Survival  54.0% | eps 0.10 | noise 0.05
Ep 04820 | Stage 3 (3 torps) | Reward   +935.5 | Survival  55.0% | eps 0.10 | noise 0.05
Ep 04840 | Stage 3 (3 torps) | Reward   +610.4 | Survival  50.0% | eps 0.10 | noise 0.05
Ep 04860 | Stage 3 (3 torps) | Reward  +1344.5 | Survival  49.0% | eps 0.10 | noise 0.05
Ep 04880 | Stage 3 (3 torps) | Reward   +274.0 | Survival  49.0% | eps 0.10 | noise 0.05
Ep 04900 | Stage 3 (3 torps) | Reward  +1611.5 | Survival  48.0% | eps 0.10 | noise 0.05
Ep 04920 | Stage 3 (3 torps) | Reward  +1233.4 | Survival  42.0% | eps 0.10 | noise 0.05
Ep 04940 | Stage 3 (3 torps) | Reward  +1734.4 | Survival  49.0% | eps 0.10 | noise 0.05
Ep 04960 | Stage 3 (3 torps) | Reward   +239.2 | Survival  49.0% | eps 0.10 | noise 0.05
Ep 04980 | Stage 3 (3 torps) | Reward  +1937.5 | Survival  53.0% | eps 0.10 | noise 0.05
Ep 05000 | Stage 3 (3 torps) | Reward  +1538.9 | Survival  55.0% | eps 0.10 | noise 0.05
Ep 05020 | Stage 3 (3 torps) | Reward   +268.1 | Survival  60.0% | eps 0.10 | noise 0.05
Ep 05040 | Stage 3 (3 torps) | Reward  +1652.8 | Survival  58.0% | eps 0.10 | noise 0.05
Ep 05060 | Stage 3 (3 torps) | Reward  +1583.2 | Survival  58.0% | eps 0.10 | noise 0.05
Ep 05080 | Stage 3 (3 torps) | Reward  +1926.8 | Survival  60.0% | eps 0.10 | noise 0.05
Ep 05100 | Stage 3 (3 torps) | Reward   +285.7 | Survival  61.0% | eps 0.10 | noise 0.05
Ep 05120 | Stage 3 (3 torps) | Reward  +1330.8 | Survival  56.0% | eps 0.10 | noise 0.05
Ep 05140 | Stage 3 (3 torps) | Reward   +260.8 | Survival  55.0% | eps 0.10 | noise 0.05
Ep 05160 | Stage 3 (3 torps) | Reward   +272.0 | Survival  52.0% | eps 0.10 | noise 0.05
Ep 05180 | Stage 3 (3 torps) | Reward  +1782.1 | Survival  52.0% | eps 0.10 | noise 0.05
Ep 05200 | Stage 3 (3 torps) | Reward  +1148.1 | Survival  49.0% | eps 0.10 | noise 0.05
Ep 05220 | Stage 3 (3 torps) | Reward  +1641.4 | Survival  59.0% | eps 0.10 | noise 0.05
Ep 05240 | Stage 3 (3 torps) | Reward  +1461.8 | Survival  63.0% | eps 0.10 | noise 0.05
Ep 05260 | Stage 3 (3 torps) | Reward   +216.2 | Survival  69.0% | eps 0.10 | noise 0.05
Ep 05280 | Stage 3 (3 torps) | Reward  +1760.0 | Survival  70.0% | eps 0.10 | noise 0.05
Ep 05300 | Stage 3 (3 torps) | Reward  +1953.9 | Survival  72.0% | eps 0.10 | noise 0.05
Ep 05320 | Stage 3 (3 torps) | Reward  +1972.6 | Survival  71.0% | eps 0.10 | noise 0.05
Ep 05340 | Stage 3 (3 torps) | Reward  +1099.8 | Survival  67.0% | eps 0.10 | noise 0.05
Ep 05360 | Stage 3 (3 torps) | Reward  +2008.3 | Survival  65.0% | eps 0.10 | noise 0.05
Ep 05380 | Stage 3 (3 torps) | Reward  +1304.6 | Survival  65.0% | eps 0.10 | noise 0.05
Ep 05400 | Stage 3 (3 torps) | Reward  +1627.6 | Survival  66.0% | eps 0.10 | noise 0.05
Ep 05420 | Stage 3 (3 torps) | Reward  +1174.0 | Survival  63.0% | eps 0.10 | noise 0.05
Ep 05440 | Stage 3 (3 torps) | Reward  +1577.2 | Survival  66.0% | eps 0.10 | noise 0.05
Ep 05460 | Stage 3 (3 torps) | Reward  +1645.6 | Survival  70.0% | eps 0.10 | noise 0.05
Ep 05480 | Stage 3 (3 torps) | Reward  +1644.4 | Survival  69.0% | eps 0.10 | noise 0.05
Ep 05500 | Stage 3 (3 torps) | Reward   +208.5 | Survival  71.0% | eps 0.10 | noise 0.05
Ep 05520 | Stage 3 (3 torps) | Reward  +1870.1 | Survival  70.0% | eps 0.10 | noise 0.05
Ep 05540 | Stage 3 (3 torps) | Reward   +217.3 | Survival  71.0% | eps 0.10 | noise 0.05
Ep 05560 | Stage 3 (3 torps) | Reward  +1258.9 | Survival  71.0% | eps 0.10 | noise 0.05
Ep 05580 | Stage 3 (3 torps) | Reward  +1763.9 | Survival  71.0% | eps 0.10 | noise 0.05
Ep 05600 | Stage 3 (3 torps) | Reward  +1541.2 | Survival  68.0% | eps 0.10 | noise 0.05
Ep 05620 | Stage 3 (3 torps) | Reward  +1416.0 | Survival  73.0% | eps 0.10 | noise 0.05
Ep 05640 | Stage 3 (3 torps) | Reward  +1564.0 | Survival  71.0% | eps 0.10 | noise 0.05
Ep 05660 | Stage 3 (3 torps) | Reward  +1862.9 | Survival  68.0% | eps 0.10 | noise 0.05
Ep 05680 | Stage 3 (3 torps) | Reward   +599.8 | Survival  65.0% | eps 0.10 | noise 0.05
Ep 05700 | Stage 3 (3 torps) | Reward  +1928.1 | Survival  66.0% | eps 0.10 | noise 0.05
Ep 05720 | Stage 3 (3 torps) | Reward  +1770.0 | Survival  65.0% | eps 0.10 | noise 0.05
Ep 05740 | Stage 3 (3 torps) | Reward   +960.6 | Survival  66.0% | eps 0.10 | noise 0.05
Ep 05760 | Stage 3 (3 torps) | Reward  +1654.3 | Survival  65.0% | eps 0.10 | noise 0.05
Ep 05780 | Stage 3 (3 torps) | Reward  +1390.5 | Survival  69.0% | eps 0.10 | noise 0.05
Ep 05800 | Stage 3 (3 torps) | Reward  +1764.2 | Survival  71.0% | eps 0.10 | noise 0.05
Ep 05820 | Stage 3 (3 torps) | Reward  +1704.8 | Survival  71.0% | eps 0.10 | noise 0.05
Ep 05840 | Stage 3 (3 torps) | Reward  +1306.1 | Survival  71.0% | eps 0.10 | noise 0.05
Ep 05860 | Stage 3 (3 torps) | Reward  +1772.8 | Survival  73.0% | eps 0.10 | noise 0.05
Ep 05880 | Stage 3 (3 torps) | Reward  +1726.9 | Survival  70.0% | eps 0.10 | noise 0.05
Ep 05900 | Stage 3 (3 torps) | Reward   +648.7 | Survival  65.0% | eps 0.10 | noise 0.05
Ep 05920 | Stage 3 (3 torps) | Reward  +1752.3 | Survival  60.0% | eps 0.10 | noise 0.05
Ep 05940 | Stage 3 (3 torps) | Reward  +1837.6 | Survival  60.0% | eps 0.10 | noise 0.05
Ep 05960 | Stage 3 (3 torps) | Reward  +1885.9 | Survival  60.0% | eps 0.10 | noise 0.05
Ep 05980 | Stage 3 (3 torps) | Reward   +967.9 | Survival  58.0% | eps 0.10 | noise 0.05
Ep 06000 | Stage 3 (3 torps) | Reward   +293.7 | Survival  60.0% | eps 0.10 | noise 0.05
Ep 06020 | Stage 3 (3 torps) | Reward  +1265.3 | Survival  67.0% | eps 0.10 | noise 0.05
Ep 06040 | Stage 3 (3 torps) | Reward  +1228.2 | Survival  67.0% | eps 0.10 | noise 0.05
Ep 06060 | Stage 3 (3 torps) | Reward  +1904.1 | Survival  65.0% | eps 0.10 | noise 0.05
Ep 06080 | Stage 3 (3 torps) | Reward  +1742.8 | Survival  64.0% | eps 0.10 | noise 0.05
Ep 06100 | Stage 3 (3 torps) | Reward  +1828.8 | Survival  63.0% | eps 0.10 | noise 0.05
Ep 06120 | Stage 3 (3 torps) | Reward   +768.5 | Survival  59.0% | eps 0.10 | noise 0.05
Ep 06140 | Stage 3 (3 torps) | Reward   +265.1 | Survival  56.0% | eps 0.10 | noise 0.05
Ep 06160 | Stage 3 (3 torps) | Reward  +1607.5 | Survival  55.0% | eps 0.10 | noise 0.05
Ep 06180 | Stage 3 (3 torps) | Reward  +1728.0 | Survival  58.0% | eps 0.10 | noise 0.05
Ep 06200 | Stage 3 (3 torps) | Reward  +1625.0 | Survival  61.0% | eps 0.10 | noise 0.05
Ep 06220 | Stage 3 (3 torps) | Reward  +1670.3 | Survival  60.0% | eps 0.10 | noise 0.05
Ep 06240 | Stage 3 (3 torps) | Reward  +1592.3 | Survival  60.0% | eps 0.10 | noise 0.05
Ep 06260 | Stage 3 (3 torps) | Reward  +1450.2 | Survival  59.0% | eps 0.10 | noise 0.05
Ep 06280 | Stage 3 (3 torps) | Reward  +1259.5 | Survival  57.0% | eps 0.10 | noise 0.05
Ep 06300 | Stage 3 (3 torps) | Reward   +306.6 | Survival  54.0% | eps 0.10 | noise 0.05
Ep 06320 | Stage 3 (3 torps) | Reward  +1590.0 | Survival  53.0% | eps 0.10 | noise 0.05
Ep 06340 | Stage 3 (3 torps) | Reward   +205.7 | Survival  51.0% | eps 0.10 | noise 0.05
Ep 06360 | Stage 3 (3 torps) | Reward   +321.2 | Survival  55.0% | eps 0.10 | noise 0.05
Ep 06380 | Stage 3 (3 torps) | Reward  +1542.4 | Survival  59.0% | eps 0.10 | noise 0.05
Ep 06400 | Stage 3 (3 torps) | Reward  +1290.9 | Survival  63.0% | eps 0.10 | noise 0.05
Ep 06420 | Stage 3 (3 torps) | Reward  +1243.7 | Survival  67.0% | eps 0.10 | noise 0.05
Ep 06440 | Stage 3 (3 torps) | Reward   +251.8 | Survival  71.0% | eps 0.10 | noise 0.05
Ep 06460 | Stage 3 (3 torps) | Reward  +1523.8 | Survival  67.0% | eps 0.10 | noise 0.05
Ep 06480 | Stage 3 (3 torps) | Reward  +1494.2 | Survival  65.0% | eps 0.10 | noise 0.05
Ep 06500 | Stage 3 (3 torps) | Reward  +1085.6 | Survival  61.0% | eps 0.10 | noise 0.05
Ep 06520 | Stage 3 (3 torps) | Reward   +201.6 | Survival  58.0% | eps 0.10 | noise 0.05
Ep 06540 | Stage 3 (3 torps) | Reward  +1838.1 | Survival  59.0% | eps 0.10 | noise 0.05
Ep 06560 | Stage 3 (3 torps) | Reward  +1458.1 | Survival  59.0% | eps 0.10 | noise 0.05
Ep 06580 | Stage 3 (3 torps) | Reward  +1341.0 | Survival  61.0% | eps 0.10 | noise 0.05
Ep 06600 | Stage 3 (3 torps) | Reward   +218.2 | Survival  62.0% | eps 0.10 | noise 0.05
Ep 06620 | Stage 3 (3 torps) | Reward  +1834.7 | Survival  63.0% | eps 0.10 | noise 0.05
Ep 06640 | Stage 3 (3 torps) | Reward   +234.2 | Survival  64.0% | eps 0.10 | noise 0.05
Ep 06660 | Stage 3 (3 torps) | Reward  +1987.1 | Survival  67.0% | eps 0.10 | noise 0.05
Ep 06680 | Stage 3 (3 torps) | Reward  +1559.4 | Survival  66.0% | eps 0.10 | noise 0.05
Ep 06700 | Stage 3 (3 torps) | Reward  +2014.0 | Survival  65.0% | eps 0.10 | noise 0.05
Ep 06720 | Stage 3 (3 torps) | Reward   +267.2 | Survival  64.0% | eps 0.10 | noise 0.05
Ep 06740 | Stage 3 (3 torps) | Reward   +231.3 | Survival  65.0% | eps 0.10 | noise 0.05
Ep 06760 | Stage 3 (3 torps) | Reward   +245.4 | Survival  67.0% | eps 0.10 | noise 0.05
Ep 06780 | Stage 3 (3 torps) | Reward  +1325.2 | Survival  67.0% | eps 0.10 | noise 0.05
Ep 06800 | Stage 3 (3 torps) | Reward  +1647.3 | Survival  71.0% | eps 0.10 | noise 0.05

All curriculum stages completed.

Training complete.
  total episodes      : 6819
  final torpedo count : 3
  checkpoint          : pdqn_ds_final.pth
